[28/06/2018 19:29:11]   spawned   
[28/06/2018 19:29:20]  sinec0stheta slapped sinec0stheta  
[28/06/2018 19:30:41]  sinec0stheta teleported himself to sinec0stheta  
[28/06/2018 19:30:43]  sinec0stheta teleported himself to sinec0stheta  
[28/06/2018 19:31:08]  sinec0stheta warned sinec0stheta. [REASON: test]  
[28/06/2018 19:31:09]  sinec0stheta warned sinec0stheta. [REASON: test]  
[28/06/2018 19:31:10]  sinec0stheta warned sinec0stheta. [REASON: test]  
[28/06/2018 19:33:41]  sinec0stheta warned sinec0stheta. [REASON: test]  
[28/06/2018 19:33:43]  sinec0stheta warned sinec0stheta. [REASON: test]  
[28/06/2018 19:33:44]  sinec0stheta warned sinec0stheta. [REASON: test]  
[28/06/2018 19:37:02]  sinec0stheta warned sinec0stheta. [REASON: .]  
[28/06/2018 19:37:03]  sinec0stheta warned sinec0stheta. [REASON: .]  
[28/06/2018 19:37:04]  sinec0stheta warned sinec0stheta. [REASON: .]  
[28/06/2018 19:38:05]  sinec0stheta warned sinec0stheta. [REASON: .]  
[28/06/2018 19:38:06]  sinec0stheta warned sinec0stheta. [REASON: .]  
[28/06/2018 19:38:08]  sinec0stheta warned sinec0stheta. [REASON: .]  
[28/06/2018 19:45:28]  sinec0stheta warned sinec0stheta. [REASON: .]  
[28/06/2018 19:45:29]  sinec0stheta warned sinec0stheta. [REASON: .]  
[28/06/2018 19:45:30]  sinec0stheta warned sinec0stheta. [REASON: .]  
[28/06/2018 20:00:23]  sinec0stheta muted sinec0stheta for 60 seconds. REASON: /  
[28/06/2018 20:10:55]  sinec0stheta muted sinec0stheta for 5 seconds. REASON: .  
[28/06/2018 20:14:28]  sinec0stheta muted sinec0stheta for 999999 seconds. REASON: 9  
[28/06/2018 20:14:33]   unmuted   
[28/06/2018 20:16:25]  {1E90FF}[ADMIN]{FFFFFF} sinec0stheta(0) has started a timeout from 5  
[28/06/2018 20:16:29]  {1E90FF}[ADMIN]{FFFFFF} sinec0stheta(0) has started a timeout from 5  
[28/06/2018 20:16:30]  {1E90FF}[ADMIN]{FFFFFF} sinec0stheta(0) has started a timeout from 5  
[28/06/2018 20:16:32]  {1E90FF}[ADMIN]{FFFFFF} sinec0stheta(0) has started a timeout from 3  
[28/06/2018 20:30:46]  {1E90FF}[ADMIN]{FFFFFF} sinec0stheta(0) has started a timeout from 3  
[28/06/2018 20:31:46]  {1E90FF}[ADMIN]{FFFFFF} The chat has been cleared by sinec0stheta(0)  
[28/06/2018 20:36:26]  sinec0stheta has frozen sinec0stheta.  
[28/06/2018 20:36:30]  sinec0stheta has frozen .  
[28/06/2018 20:36:34]  sinec0stheta unfrozen 115  
[28/06/2018 20:36:35]  sinec0stheta unfrozen 115  
[28/06/2018 20:36:36]  sinec0stheta unfrozen 115  
[28/06/2018 20:36:54]  sinec0stheta unfrozen 115  
[28/06/2018 20:39:22]  sinec0stheta healed sinec0stheta.  
[28/06/2018 20:39:26]  sinec0stheta healed sinec0stheta.  
[28/06/2018 20:39:27]  sinec0stheta healed sinec0stheta.  
[28/06/2018 20:39:33]  sinec0stheta healed sinec0stheta.  
[28/06/2018 20:39:41]  sinec0stheta slain sinec0stheta  
[28/06/2018 20:40:02]  sinec0stheta gave WEAPON  with 999 ammo to sinec0stheta  
[28/06/2018 20:40:27]  sinec0stheta set sinec0stheta 's virtu  
[28/06/2018 20:40:32]  sinec0stheta set sinec0stheta 's virtu  
[28/06/2018 20:40:34]  sinec0stheta set sinec0stheta 's virtu  
[28/06/2018 20:41:29]  sinec0stheta spawned sinec0stheta  
[28/06/2018 20:53:07]  sinec0stheta spawned sinec0stheta  
[28/06/2018 20:58:25]  sinec0stheta slapped sinec0stheta  
[28/06/2018 20:58:30]  sinec0stheta spawned sinec0stheta  
[28/06/2018 21:05:24]  sinec0stheta muted sinec0stheta for 10 seconds. REASON: 10  
[29/06/2018 08:35:50]  SineC0sTheta spawned SineC0sTheta  
[29/06/2018 12:05:58]  SineC0sTheta spawned SineC0sTheta  
[29/06/2018 12:06:05]  SineC0sTheta spawned SineC0sTheta  
[29/06/2018 12:06:06]  SineC0sTheta spawned SineC0sTheta  
[29/06/2018 12:06:07]  SineC0sTheta spawned SineC0sTheta  
[29/06/2018 12:06:08]  SineC0sTheta spawned SineC0sTheta  
[29/06/2018 12:06:09]  SineC0sTheta spawned SineC0sTheta  
